android/app/build/intermediates/manifest_merge_blame_file/debug/manifest-merger-blame-debug-report.txt
1<?xml version="1.0" encoding="utf-8"?>
2<manifest xmlns:android="http://schemas.android.com/apk/res/android"
3    package="com.lookartist"
4    android:versionCode="1"
5    android:versionName="1.0" >
6
7    <uses-sdk
8        android:minSdkVersion="19"
9        android:targetSdkVersion="29" />
10
11    <uses-permission android:name="android.permission.SYSTEM_ALERT_WINDOW" />
11-->src/debug/AndroidManifest.xml:5:5-77
11-->src/debug/AndroidManifest.xml:5:22-75
12    <uses-permission android:name="android.permission.INTERNET" />
12-->src/main/AndroidManifest.xml:4:5-67
12-->src/main/AndroidManifest.xml:4:22-64
13    <uses-permission android:name="android.permission.READ_EXTERNAL_STORAGE" />
13-->src/main/AndroidManifest.xml:5:5-80
13-->src/main/AndroidManifest.xml:5:22-77
14    <uses-permission android:name="android.permission.WRITE_EXTERNAL_STORAGE" />
14-->src/main/AndroidManifest.xml:6:5-81
14-->src/main/AndroidManifest.xml:6:22-78
15    <uses-permission android:name="android.permission.DOWNLOAD_WITHOUT_NOTIFICATION" />
15-->src/main/AndroidManifest.xml:7:5-88
15-->src/main/AndroidManifest.xml:7:22-85
16    <uses-permission android:name="android.permission.ACCESS_WIFI_STATE" />
16-->[com.facebook.flipper:flipper:0.37.0] AndroidManifest.xml:16:5-76
16-->[com.facebook.flipper:flipper:0.37.0] AndroidManifest.xml:16:22-73
17    <uses-permission android:name="android.permission.USE_BIOMETRIC" />
17-->[:react-native-keychain] AndroidManifest.xml:11:5-72
17-->[:react-native-keychain] AndroidManifest.xml:11:22-69
18    <uses-permission android:name="android.permission.USE_FINGERPRINT" /> <!-- Required to access Google Play Licensing -->
18-->[:react-native-keychain] AndroidManifest.xml:12:5-74
18-->[:react-native-keychain] AndroidManifest.xml:12:22-71
19    <uses-permission android:name="com.android.vending.CHECK_LICENSE" />
19-->[:rn-fetch-blob] AndroidManifest.xml:12:5-73
19-->[:rn-fetch-blob] AndroidManifest.xml:12:22-70
20    <!--
21         Required to keep CPU alive while downloading files
22        (NOT to keep screen awake)
23    -->
24    <uses-permission android:name="android.permission.WAKE_LOCK" />
24-->[:rn-fetch-blob] AndroidManifest.xml:21:5-68
24-->[:rn-fetch-blob] AndroidManifest.xml:21:22-65
25    <!--
26         Required to poll the state of the network connection
27        and respond to changes
28    -->
29    <uses-permission android:name="android.permission.ACCESS_NETWORK_STATE" />
29-->[:rn-fetch-blob] AndroidManifest.xml:27:5-79
29-->[:rn-fetch-blob] AndroidManifest.xml:27:22-76
30
31    <application
31-->src/main/AndroidManifest.xml:8:5-27:19
32        android:name="com.lookartist.MainApplication"
32-->src/main/AndroidManifest.xml:9:7-38
33        android:allowBackup="false"
33-->src/main/AndroidManifest.xml:13:7-34
34        android:appComponentFactory="androidx.core.app.CoreComponentFactory"
34-->[androidx.core:core:1.3.0] AndroidManifest.xml:24:18-86
35        android:debuggable="true"
36        android:icon="@mipmap/ic_launcher"
36-->src/main/AndroidManifest.xml:11:7-41
37        android:label="@string/app_name"
37-->src/main/AndroidManifest.xml:10:7-39
38        android:roundIcon="@mipmap/ic_launcher_round"
38-->src/main/AndroidManifest.xml:12:7-52
39        android:theme="@style/AppTheme"
39-->src/main/AndroidManifest.xml:14:7-38
40        android:usesCleartextTraffic="true" >
40-->src/debug/AndroidManifest.xml:7:18-53
41        <activity
41-->src/main/AndroidManifest.xml:15:7-25:18
42            android:name="com.lookartist.MainActivity"
42-->src/main/AndroidManifest.xml:16:9-37
43            android:configChanges="keyboard|keyboardHidden|orientation|screenSize|uiMode"
43-->src/main/AndroidManifest.xml:18:9-86
44            android:label="@string/app_name"
44-->src/main/AndroidManifest.xml:17:9-41
45            android:launchMode="singleTask"
45-->src/main/AndroidManifest.xml:19:9-40
46            android:windowSoftInputMode="adjustResize" >
46-->src/main/AndroidManifest.xml:20:9-51
47            <intent-filter>
47-->src/main/AndroidManifest.xml:21:9-24:25
48                <action android:name="android.intent.action.MAIN" />
48-->src/main/AndroidManifest.xml:22:13-65
48-->src/main/AndroidManifest.xml:22:21-62
49
50                <category android:name="android.intent.category.LAUNCHER" />
50-->src/main/AndroidManifest.xml:23:13-73
50-->src/main/AndroidManifest.xml:23:23-70
51            </intent-filter>
52        </activity>
53        <activity
53-->src/main/AndroidManifest.xml:26:7-84
54            android:name="com.facebook.react.devsupport.DevSettingsActivity"
54-->src/main/AndroidManifest.xml:26:17-81
55            android:exported="false" />
55-->[:react-native-navigation] AndroidManifest.xml:14:13-37
56
57        <provider
57-->[:react-native-image-crop-picker] AndroidManifest.xml:13:9-21:20
58            android:name="androidx.core.content.FileProvider"
58-->[:react-native-image-crop-picker] AndroidManifest.xml:14:13-62
59            android:authorities="com.lookartist.provider"
59-->[:react-native-image-crop-picker] AndroidManifest.xml:15:13-60
60            android:exported="false"
60-->[:react-native-image-crop-picker] AndroidManifest.xml:16:13-37
61            android:grantUriPermissions="true" >
61-->[:react-native-image-crop-picker] AndroidManifest.xml:17:13-47
62            <meta-data
62-->[:react-native-image-crop-picker] AndroidManifest.xml:18:13-20:58
63                android:name="android.support.FILE_PROVIDER_PATHS"
63-->[:react-native-image-crop-picker] AndroidManifest.xml:19:17-67
64                android:resource="@xml/provider_paths" />
64-->[:react-native-image-crop-picker] AndroidManifest.xml:20:17-55
65        </provider>
66
67        <activity
67-->[:react-native-image-crop-picker] AndroidManifest.xml:23:9-25:72
68            android:name="com.yalantis.ucrop.UCropActivity"
68-->[:react-native-image-crop-picker] AndroidManifest.xml:24:13-60
69            android:theme="@style/Theme.AppCompat.Light.NoActionBar" /> <!-- suppress AndroidDomInspection -->
69-->[:react-native-image-crop-picker] AndroidManifest.xml:25:13-69
70        <activity
70-->[:react-native-keychain] AndroidManifest.xml:17:9-20:67
71            android:name="androidx.biometric.DeviceCredentialHandlerActivity"
71-->[:react-native-keychain] AndroidManifest.xml:18:13-78
72            android:exported="true"
72-->[:react-native-keychain] AndroidManifest.xml:19:13-36
73            android:theme="@style/DeviceCredentialHandlerTheme" />
73-->[:react-native-keychain] AndroidManifest.xml:20:13-64
74
75        <provider
75-->[:rn-fetch-blob] AndroidManifest.xml:36:9-44:20
76            android:name="com.RNFetchBlob.Utils.FileProvider"
76-->[:rn-fetch-blob] AndroidManifest.xml:37:13-62
77            android:authorities="com.lookartist.provider"
77-->[:rn-fetch-blob] AndroidManifest.xml:38:13-60
78            android:exported="false"
78-->[:rn-fetch-blob] AndroidManifest.xml:39:13-37
79            android:grantUriPermissions="true" >
79-->[:rn-fetch-blob] AndroidManifest.xml:40:13-47
80            <meta-data
80-->[:react-native-image-crop-picker] AndroidManifest.xml:18:13-20:58
81                android:name="android.support.FILE_PROVIDER_PATHS"
81-->[:react-native-image-crop-picker] AndroidManifest.xml:19:17-67
82                android:resource="@xml/provider_paths" />
82-->[:react-native-image-crop-picker] AndroidManifest.xml:20:17-55
83        </provider>
84
85        <meta-data
85-->[com.github.bumptech.glide:okhttp3-integration:4.11.0] AndroidManifest.xml:11:9-13:43
86            android:name="com.bumptech.glide.integration.okhttp3.OkHttpGlideModule"
86-->[com.github.bumptech.glide:okhttp3-integration:4.11.0] AndroidManifest.xml:12:13-84
87            android:value="GlideModule" />
87-->[com.github.bumptech.glide:okhttp3-integration:4.11.0] AndroidManifest.xml:13:13-40
88    </application>
89
90</manifest>